e:\cocos_project\cocos2d-x-3.17_back\tools\cocos2d-console\bin\oddmario\proj.win32\debug.win32\appdelegate.nativecodeanalysis.xml
e:\cocos_project\cocos2d-x-3.17_back\tools\cocos2d-console\bin\oddmario\proj.win32\debug.win32\helloworldscene.nativecodeanalysis.xml
e:\cocos_project\cocos2d-x-3.17_back\tools\cocos2d-console\bin\oddmario\proj.win32\debug.win32\gamescene.nativecodeanalysis.xml
e:\cocos_project\cocos2d-x-3.17_back\tools\cocos2d-console\bin\oddmario\proj.win32\debug.win32\main.nativecodeanalysis.xml
e:\cocos_project\cocos2d-x-3.17_back\tools\cocos2d-console\bin\oddmario\proj.win32\debug.win32\vc141.pdb
e:\cocos_project\cocos2d-x-3.17_back\tools\cocos2d-console\bin\oddmario\proj.win32\debug.win32\vc141.idb
e:\cocos_project\cocos2d-x-3.17_back\tools\cocos2d-console\bin\oddmario\proj.win32\debug.win32\appdelegate.obj
e:\cocos_project\cocos2d-x-3.17_back\tools\cocos2d-console\bin\oddmario\proj.win32\debug.win32\helloworldscene.obj
e:\cocos_project\cocos2d-x-3.17_back\tools\cocos2d-console\bin\oddmario\proj.win32\debug.win32\gamescene.obj
e:\cocos_project\cocos2d-x-3.17_back\tools\cocos2d-console\bin\oddmario\proj.win32\debug.win32\main.obj
e:\cocos_project\cocos2d-x-3.17_back\tools\cocos2d-console\bin\oddmario\proj.win32\debug.win32\player.obj
e:\cocos_project\cocos2d-x-3.17_back\tools\cocos2d-console\bin\oddmario\proj.win32\debug.win32\player.nativecodeanalysis.xml
e:\cocos_project\cocos2d-x-3.17_back\tools\cocos2d-console\bin\oddmario\proj.win32\debug.win32\oddmario.lib
e:\cocos_project\cocos2d-x-3.17_back\tools\cocos2d-console\bin\oddmario\proj.win32\debug.win32\oddmario.exp
e:\cocos_project\cocos2d-x-3.17_back\tools\cocos2d-console\bin\oddmario\proj.win32\debug.win32\game.res
e:\cocos_project\cocos2d-x-3.17_back\tools\cocos2d-console\bin\oddmario\proj.win32\debug.win32\nativecodeanalysis.read.1.tlog
e:\cocos_project\cocos2d-x-3.17_back\tools\cocos2d-console\bin\oddmario\proj.win32\debug.win32\libcocos2d.exp
e:\cocos_project\cocos2d-x-3.17_back\tools\cocos2d-console\bin\oddmario\proj.win32\debug.win32\libcocos2d.pdb
e:\cocos_project\cocos2d-x-3.17_back\tools\cocos2d-console\bin\oddmario\proj.win32\debug.win32\librecast.pdb
e:\cocos_project\cocos2d-x-3.17_back\tools\cocos2d-console\bin\oddmario\proj.win32\debug.win32\libspine.pdb
e:\cocos_project\cocos2d-x-3.17_back\tools\cocos2d-console\bin\oddmario\proj.win32\debug.win32\oddmario.pdb
e:\cocos_project\cocos2d-x-3.17_back\tools\cocos2d-console\bin\oddmario\proj.win32\debug.win32\vc.nativecodeanalysis.all.xml
e:\cocos_project\cocos2d-x-3.17_back\tools\cocos2d-console\bin\oddmario\proj.win32\debug.win32\oddmario.exe.lastcodeanalysissucceeded
e:\cocos_project\cocos2d-x-3.17_back\tools\cocos2d-console\bin\oddmario\proj.win32\debug.win32\oddmario.tlog\cl.command.1.tlog
e:\cocos_project\cocos2d-x-3.17_back\tools\cocos2d-console\bin\oddmario\proj.win32\debug.win32\oddmario.tlog\cl.read.1.tlog
e:\cocos_project\cocos2d-x-3.17_back\tools\cocos2d-console\bin\oddmario\proj.win32\debug.win32\oddmario.tlog\cl.write.1.tlog
e:\cocos_project\cocos2d-x-3.17_back\tools\cocos2d-console\bin\oddmario\proj.win32\debug.win32\oddmario.tlog\custombuildstep.read.1u.tlog
e:\cocos_project\cocos2d-x-3.17_back\tools\cocos2d-console\bin\oddmario\proj.win32\debug.win32\oddmario.tlog\custombuildstep.write.1u.tlog
e:\cocos_project\cocos2d-x-3.17_back\tools\cocos2d-console\bin\oddmario\proj.win32\debug.win32\oddmario.tlog\link.8012-cvtres.read.1.tlog
e:\cocos_project\cocos2d-x-3.17_back\tools\cocos2d-console\bin\oddmario\proj.win32\debug.win32\oddmario.tlog\link.8012-cvtres.write.1.tlog
e:\cocos_project\cocos2d-x-3.17_back\tools\cocos2d-console\bin\oddmario\proj.win32\debug.win32\oddmario.tlog\link.8012-rc.read.1.tlog
e:\cocos_project\cocos2d-x-3.17_back\tools\cocos2d-console\bin\oddmario\proj.win32\debug.win32\oddmario.tlog\link.8012-rc.write.1.tlog
e:\cocos_project\cocos2d-x-3.17_back\tools\cocos2d-console\bin\oddmario\proj.win32\debug.win32\oddmario.tlog\link.8012.read.1.tlog
e:\cocos_project\cocos2d-x-3.17_back\tools\cocos2d-console\bin\oddmario\proj.win32\debug.win32\oddmario.tlog\link.8012.write.1.tlog
e:\cocos_project\cocos2d-x-3.17_back\tools\cocos2d-console\bin\oddmario\proj.win32\debug.win32\oddmario.tlog\link.command.1.tlog
e:\cocos_project\cocos2d-x-3.17_back\tools\cocos2d-console\bin\oddmario\proj.win32\debug.win32\oddmario.tlog\link.read.1.tlog
e:\cocos_project\cocos2d-x-3.17_back\tools\cocos2d-console\bin\oddmario\proj.win32\debug.win32\oddmario.tlog\link.write.1.tlog
e:\cocos_project\cocos2d-x-3.17_back\tools\cocos2d-console\bin\oddmario\proj.win32\debug.win32\oddmario.tlog\oddmario.write.1u.tlog
e:\cocos_project\cocos2d-x-3.17_back\tools\cocos2d-console\bin\oddmario\proj.win32\debug.win32\oddmario.tlog\rc.command.1.tlog
e:\cocos_project\cocos2d-x-3.17_back\tools\cocos2d-console\bin\oddmario\proj.win32\debug.win32\oddmario.tlog\rc.read.1.tlog
e:\cocos_project\cocos2d-x-3.17_back\tools\cocos2d-console\bin\oddmario\proj.win32\debug.win32\oddmario.tlog\rc.write.1.tlog
